build/intermediates/manifest_merge_blame_file/debug/manifest-merger-blame-debug-report.txt
1<?xml version="1.0" encoding="utf-8"?>
2<manifest xmlns:android="http://schemas.android.com/apk/res/android"
3    package="com.example.news"
4    android:versionCode="1"
5    android:versionName="1.0" >
6
7    <uses-sdk
8        android:minSdkVersion="26"
8-->src\main\AndroidManifest.xml
9        android:targetSdkVersion="30" />
9-->src\main\AndroidManifest.xml
10
11    <uses-permission android:name="android.permission.INTERNET" />
11-->src\main\AndroidManifest.xml:5:5-67
11-->src\main\AndroidManifest.xml:5:22-64
12
13    <!-- Although the *SdkVersion is captured in gradle build files, this is required for non gradle builds -->
14    <!-- <uses-sdk android:minSdkVersion="14"/> -->
15    <uses-permission android:name="android.permission.ACCESS_NETWORK_STATE" />
15-->[com.google.firebase:firebase-database:19.2.1] AndroidManifest.xml:25:5-79
15-->[com.google.firebase:firebase-database:19.2.1] AndroidManifest.xml:25:22-76
16
17    <application
17-->src\main\AndroidManifest.xml:7:5-27:19
18        android:allowBackup="true"
18-->src\main\AndroidManifest.xml:8:9-35
19        android:appComponentFactory="androidx.core.app.CoreComponentFactory"
19-->[androidx.core:core:1.3.1] AndroidManifest.xml:24:18-86
20        android:debuggable="true"
21        android:extractNativeLibs="false"
22        android:icon="@mipmap/ic_news"
22-->src\main\AndroidManifest.xml:9:9-39
23        android:label="@string/app_name"
23-->src\main\AndroidManifest.xml:10:9-41
24        android:roundIcon="@mipmap/ic_news_round"
24-->src\main\AndroidManifest.xml:11:9-50
25        android:supportsRtl="true"
25-->src\main\AndroidManifest.xml:12:9-35
26        android:theme="@style/AppTheme" >
26-->src\main\AndroidManifest.xml:13:9-40
27        <activity
27-->src\main\AndroidManifest.xml:14:9-17:20
28            android:name="com.example.news.Details"
28-->src\main\AndroidManifest.xml:14:19-42
29            android:configChanges="keyboardHidden|orientation|keyboard|screenLayout|screenSize"
29-->src\main\AndroidManifest.xml:15:13-96
30            android:label="@string/app_name" >
30-->src\main\AndroidManifest.xml:16:13-45
31        </activity>
32        <activity
32-->src\main\AndroidManifest.xml:18:9-26:20
33            android:name="com.example.news.MainActivity"
33-->src\main\AndroidManifest.xml:18:19-47
34            android:configChanges="keyboardHidden|orientation|keyboard|screenLayout|screenSize"
34-->src\main\AndroidManifest.xml:19:13-96
35            android:label="@string/app_name" >
35-->src\main\AndroidManifest.xml:20:13-45
36            <intent-filter>
36-->src\main\AndroidManifest.xml:21:13-25:29
37                <action android:name="android.intent.action.MAIN" />
37-->src\main\AndroidManifest.xml:22:17-69
37-->src\main\AndroidManifest.xml:22:25-66
38
39                <category android:name="android.intent.category.LAUNCHER" />
39-->src\main\AndroidManifest.xml:24:17-77
39-->src\main\AndroidManifest.xml:24:27-74
40            </intent-filter>
41        </activity>
42
43        <service
43-->[com.google.firebase:firebase-database:19.2.1] AndroidManifest.xml:29:9-35:19
44            android:name="com.google.firebase.components.ComponentDiscoveryService"
44-->[com.google.firebase:firebase-database:19.2.1] AndroidManifest.xml:30:13-84
45            android:directBootAware="true"
45-->[com.google.firebase:firebase-common:19.3.0] AndroidManifest.xml:34:13-43
46            android:exported="false" >
46-->[com.google.firebase:firebase-database:19.2.1] AndroidManifest.xml:31:13-37
47            <meta-data
47-->[com.google.firebase:firebase-database:19.2.1] AndroidManifest.xml:32:13-34:85
48                android:name="com.google.firebase.components:com.google.firebase.database.DatabaseRegistrar"
48-->[com.google.firebase:firebase-database:19.2.1] AndroidManifest.xml:33:17-109
49                android:value="com.google.firebase.components.ComponentRegistrar" />
49-->[com.google.firebase:firebase-database:19.2.1] AndroidManifest.xml:34:17-82
50        </service>
51
52        <activity
52-->[com.google.android.gms:play-services-base:17.0.0] AndroidManifest.xml:23:9-26:75
53            android:name="com.google.android.gms.common.api.GoogleApiActivity"
53-->[com.google.android.gms:play-services-base:17.0.0] AndroidManifest.xml:24:13-79
54            android:exported="false"
54-->[com.google.android.gms:play-services-base:17.0.0] AndroidManifest.xml:25:13-37
55            android:theme="@android:style/Theme.Translucent.NoTitleBar" />
55-->[com.google.android.gms:play-services-base:17.0.0] AndroidManifest.xml:26:13-72
56
57        <provider
57-->[com.google.firebase:firebase-common:19.3.0] AndroidManifest.xml:26:9-30:39
58            android:name="com.google.firebase.provider.FirebaseInitProvider"
58-->[com.google.firebase:firebase-common:19.3.0] AndroidManifest.xml:27:13-77
59            android:authorities="com.example.news.firebaseinitprovider"
59-->[com.google.firebase:firebase-common:19.3.0] AndroidManifest.xml:28:13-72
60            android:exported="false"
60-->[com.google.firebase:firebase-common:19.3.0] AndroidManifest.xml:29:13-37
61            android:initOrder="100" />
61-->[com.google.firebase:firebase-common:19.3.0] AndroidManifest.xml:30:13-36
62
63        <meta-data
63-->[com.google.android.gms:play-services-basement:17.0.0] AndroidManifest.xml:23:9-25:69
64            android:name="com.google.android.gms.version"
64-->[com.google.android.gms:play-services-basement:17.0.0] AndroidManifest.xml:24:13-58
65            android:value="@integer/google_play_services_version" />
65-->[com.google.android.gms:play-services-basement:17.0.0] AndroidManifest.xml:25:13-66
66    </application>
67
68</manifest>